c:\users\michael mohan\documents\university work\level 2\assignments\programming in c & c++\mmcoursework\release\mmcoursework.pch
c:\users\michael mohan\documents\university work\level 2\assignments\programming in c & c++\mmcoursework\release\stdafx.obj
c:\users\michael mohan\documents\university work\level 2\assignments\programming in c & c++\mmcoursework\release\vc100.pdb
c:\users\michael mohan\documents\university work\level 2\assignments\programming in c & c++\mmcoursework\release\mmcourseworkdlg.obj
c:\users\michael mohan\documents\university work\level 2\assignments\programming in c & c++\mmcoursework\release\mmcoursework.obj
c:\users\michael mohan\documents\university work\level 2\assignments\programming in c & c++\mmcoursework\release\mmcoursework.exe
c:\users\michael mohan\documents\university work\level 2\assignments\programming in c & c++\mmcoursework\release\mmcoursework.exe.intermediate.manifest
c:\users\michael mohan\documents\university work\level 2\assignments\programming in c & c++\mmcoursework\release\mmcoursework.pdb
c:\users\michael mohan\documents\university work\level 2\assignments\programming in c & c++\mmcoursework\release\mmcoursework.res
c:\users\mmoha\desktop\executables\projects\year 2\programming in c and c++\executables\mmcoursework\release\mmcoursework.obj
c:\users\mmoha\desktop\executables\projects\year 2\programming in c and c++\executables\mmcoursework\release\mmcourseworkdlg.obj
c:\users\mmoha\desktop\executables\projects\year 2\programming in c and c++\executables\mmcoursework\release\stdafx.obj
c:\users\mmoha\desktop\executables\projects\year 2\programming in c and c++\executables\mmcoursework\release\cl.command.1.tlog
c:\users\mmoha\desktop\executables\projects\year 2\programming in c and c++\executables\mmcoursework\release\cl.read.1.tlog
c:\users\mmoha\desktop\executables\projects\year 2\programming in c and c++\executables\mmcoursework\release\cl.write.1.tlog
c:\users\mmoha\desktop\executables\projects\year 2\programming in c and c++\executables\mmcoursework\release\link-cvtres.read.1.tlog
c:\users\mmoha\desktop\executables\projects\year 2\programming in c and c++\executables\mmcoursework\release\link-cvtres.write.1.tlog
c:\users\mmoha\desktop\executables\projects\year 2\programming in c and c++\executables\mmcoursework\release\link.command.1.tlog
c:\users\mmoha\desktop\executables\projects\year 2\programming in c and c++\executables\mmcoursework\release\link.read.1.tlog
c:\users\mmoha\desktop\executables\projects\year 2\programming in c and c++\executables\mmcoursework\release\link.write.1.tlog
c:\users\mmoha\desktop\executables\projects\year 2\programming in c and c++\executables\mmcoursework\release\mt.command.1.tlog
c:\users\mmoha\desktop\executables\projects\year 2\programming in c and c++\executables\mmcoursework\release\mt.read.1.tlog
c:\users\mmoha\desktop\executables\projects\year 2\programming in c and c++\executables\mmcoursework\release\mt.write.1.tlog
c:\users\mmoha\desktop\executables\projects\year 2\programming in c and c++\executables\mmcoursework\release\rc.command.1.tlog
c:\users\mmoha\desktop\executables\projects\year 2\programming in c and c++\executables\mmcoursework\release\rc.read.1.tlog
c:\users\mmoha\desktop\executables\projects\year 2\programming in c and c++\executables\mmcoursework\release\rc.write.1.tlog
c:\users\mmoha\desktop\executables\projects\year 2\programming in c and c++\executables\mmcoursework\release\mmcoursework.exe.intermediate.manifest
c:\users\mmoha\desktop\executables\projects\year 2\programming in c and c++\executables\mmcoursework\release\mmcoursework.res
c:\users\mmoha\desktop\executables\projects\year 2\programming in c and c++\executables\mmcoursework\release\mmcoursework.pch
c:\users\mmoha\desktop\executables\projects\year 2\programming in c and c++\executables\mmcoursework\release\mmcoursework.pdb
c:\users\mmoha\desktop\executables\projects\year 2\programming in c and c++\executables\mmcoursework\release\vc100.pdb
c:\users\mmoha\desktop\executables\projects\year 2\programming in c and c++\executables\mmcoursework\release\mmcoursework.exe
